Parse-Server-Starter-Project/ParseStarterProject/build/intermediates/manifest_merge_blame_file/debug/manifest-merger-blame-debug-report.txt
1<?xml version="1.0" encoding="utf-8"?>
2<manifest xmlns:android="http://schemas.android.com/apk/res/android"
3    package="com.parse.starter"
4    android:versionCode="1"
5    android:versionName="1.0" >
6
7    <uses-sdk
8        android:minSdkVersion="16"
8-->src\main\AndroidManifest.xml
9        android:targetSdkVersion="29" />
9-->src\main\AndroidManifest.xml
10
11    <uses-permission android:name="android.permission.INTERNET" />
11-->src\main\AndroidManifest.xml:5:5-67
11-->src\main\AndroidManifest.xml:5:22-64
12    <uses-permission android:name="android.permission.ACCESS_NETWORK_STATE" />
12-->src\main\AndroidManifest.xml:6:5-79
12-->src\main\AndroidManifest.xml:6:22-76
13    <uses-permission android:name="android.permission.READ_EXTERNAL_STORAGE" />
13-->src\main\AndroidManifest.xml:7:5-80
13-->src\main\AndroidManifest.xml:7:22-77
14    <uses-permission android:name="android.permission.ACCESS_FINE_LOCATION" />
14-->src\main\AndroidManifest.xml:8:5-79
14-->src\main\AndroidManifest.xml:8:22-76
15
16    <!-- Optional permission for Analytics to run. -->
17    <uses-permission android:name="android.permission.WAKE_LOCK" /> <!-- Required by older versions of Google Play services to create GCM registration tokens -->
17-->[com.google.android.gms:play-services-analytics:12.0.1] AndroidManifest.xml:27:5-68
17-->[com.google.android.gms:play-services-analytics:12.0.1] AndroidManifest.xml:27:22-65
18    <uses-permission android:name="com.google.android.c2dm.permission.RECEIVE" />
18-->[com.google.android.gms:play-services-gcm:12.0.1] AndroidManifest.xml:23:5-82
18-->[com.google.android.gms:play-services-gcm:12.0.1] AndroidManifest.xml:23:22-79
19
20    <uses-feature
20-->[com.google.android.gms:play-services-maps:12.0.1] AndroidManifest.xml:26:5-28:35
21        android:glEsVersion="0x00020000"
21-->[com.google.android.gms:play-services-maps:12.0.1] AndroidManifest.xml:27:9-41
22        android:required="true" />
22-->[com.google.android.gms:play-services-maps:12.0.1] AndroidManifest.xml:28:9-32
23
24    <permission
24-->[com.google.firebase:firebase-iid:12.0.1] AndroidManifest.xml:28:5-30:47
25        android:name="com.parse.starter.permission.C2D_MESSAGE"
25-->[com.google.firebase:firebase-iid:12.0.1] AndroidManifest.xml:29:9-63
26        android:protectionLevel="signature" />
26-->[com.google.firebase:firebase-iid:12.0.1] AndroidManifest.xml:30:9-44
27
28    <uses-permission android:name="com.parse.starter.permission.C2D_MESSAGE" />
28-->[com.google.firebase:firebase-iid:12.0.1] AndroidManifest.xml:32:5-79
28-->[com.google.firebase:firebase-iid:12.0.1] AndroidManifest.xml:32:22-76
29
30    <application
30-->src\main\AndroidManifest.xml:10:5-41:19
31        android:name="com.parse.starter.StarterApplication"
31-->src\main\AndroidManifest.xml:11:9-43
32        android:allowBackup="true"
32-->src\main\AndroidManifest.xml:12:9-35
33        android:appComponentFactory="android.support.v4.app.CoreComponentFactory"
33-->[com.android.support:support-compat:28.0.0] AndroidManifest.xml:22:18-91
34        android:debuggable="true"
35        android:icon="@mipmap/ic_launcher"
35-->src\main\AndroidManifest.xml:13:9-43
36        android:label="@string/app_name"
36-->src\main\AndroidManifest.xml:14:9-41
37        android:theme="@style/AppTheme"
37-->src\main\AndroidManifest.xml:15:9-40
38        android:usesCleartextTraffic="true" >
38-->src\main\AndroidManifest.xml:16:9-44
39        <activity android:name="com.parse.starter.UserFeedActivity" />
39-->src\main\AndroidManifest.xml:17:9-63
39-->src\main\AndroidManifest.xml:17:19-51
40        <activity android:name="com.parse.starter.UpdateProfileActivity" />
40-->src\main\AndroidManifest.xml:18:9-59
40-->src\main\AndroidManifest.xml:18:19-56
41        <activity android:name="com.parse.starter.QuestionsAskingActivity" />
41-->src\main\AndroidManifest.xml:19:9-61
41-->src\main\AndroidManifest.xml:19:19-58
42        <activity android:name="com.parse.starter.SplashScreenActivity" >
42-->src\main\AndroidManifest.xml:20:9-26:20
42-->src\main\AndroidManifest.xml:20:19-55
43            <intent-filter>
43-->src\main\AndroidManifest.xml:21:13-25:29
44                <action android:name="android.intent.action.MAIN" />
44-->src\main\AndroidManifest.xml:22:17-69
44-->src\main\AndroidManifest.xml:22:25-66
45
46                <category android:name="android.intent.category.LAUNCHER" />
46-->src\main\AndroidManifest.xml:24:17-77
46-->src\main\AndroidManifest.xml:24:27-74
47            </intent-filter>
48        </activity>
49        <activity android:name="com.parse.starter.UserListActivity" />
49-->src\main\AndroidManifest.xml:27:9-54
49-->src\main\AndroidManifest.xml:27:19-51
50        <activity
50-->src\main\AndroidManifest.xml:28:9-36:20
51            android:name="com.parse.starter.MainActivity"
51-->src\main\AndroidManifest.xml:29:13-41
52            android:label="@string/app_name" >
52-->src\main\AndroidManifest.xml:30:13-45
53            <intent-filter>
53-->src\main\AndroidManifest.xml:31:13-35:29
54                <action android:name="android.intent.action.MAIN" />
54-->src\main\AndroidManifest.xml:22:17-69
54-->src\main\AndroidManifest.xml:22:25-66
55            </intent-filter>
56        </activity>
57
58        <meta-data
58-->src\main\AndroidManifest.xml:38:9-40:57
59            android:name="preloaded_fonts"
59-->src\main\AndroidManifest.xml:39:13-43
60            android:resource="@array/preloaded_fonts" />
60-->src\main\AndroidManifest.xml:40:13-54
61
62        <receiver android:name="com.google.android.gms.cast.framework.media.MediaIntentReceiver" />
62-->[com.google.android.gms:play-services-cast-framework:12.0.1] AndroidManifest.xml:8:9-100
62-->[com.google.android.gms:play-services-cast-framework:12.0.1] AndroidManifest.xml:8:19-97
63
64        <service android:name="com.google.android.gms.cast.framework.media.MediaNotificationService" />
64-->[com.google.android.gms:play-services-cast-framework:12.0.1] AndroidManifest.xml:10:9-104
64-->[com.google.android.gms:play-services-cast-framework:12.0.1] AndroidManifest.xml:10:18-101
65        <service android:name="com.google.android.gms.cast.framework.ReconnectionService" />
65-->[com.google.android.gms:play-services-cast-framework:12.0.1] AndroidManifest.xml:11:9-93
65-->[com.google.android.gms:play-services-cast-framework:12.0.1] AndroidManifest.xml:11:18-90
66
67        <meta-data
67-->[com.android.support:mediarouter-v7:26.1.0] AndroidManifest.xml:23:9-25:38
68            android:name="android.support.VERSION"
68-->[com.android.support:mediarouter-v7:26.1.0] AndroidManifest.xml:24:13-51
69            android:value="26.1.0" /> <!-- Include the AdActivity and InAppPurchaseActivity configChanges and themes. -->
69-->[com.android.support:mediarouter-v7:26.1.0] AndroidManifest.xml:25:13-35
70        <activity
70-->[com.google.android.gms:play-services-ads-lite:12.0.1] AndroidManifest.xml:29:9-33:64
71            android:name="com.google.android.gms.ads.AdActivity"
71-->[com.google.android.gms:play-services-ads-lite:12.0.1] AndroidManifest.xml:30:13-65
72            android:configChanges="keyboard|keyboardHidden|orientation|screenLayout|uiMode|screenSize|smallestScreenSize"
72-->[com.google.android.gms:play-services-ads-lite:12.0.1] AndroidManifest.xml:31:13-122
73            android:exported="false"
73-->[com.google.android.gms:play-services-ads-lite:12.0.1] AndroidManifest.xml:32:13-37
74            android:theme="@android:style/Theme.Translucent" />
74-->[com.google.android.gms:play-services-ads-lite:12.0.1] AndroidManifest.xml:33:13-61
75
76        <receiver
76-->[com.google.android.gms:play-services-analytics:12.0.1] AndroidManifest.xml:30:9-34:20
77            android:name="com.google.android.gms.analytics.AnalyticsReceiver"
77-->[com.google.android.gms:play-services-analytics:12.0.1] AndroidManifest.xml:31:13-78
78            android:enabled="true"
78-->[com.google.android.gms:play-services-analytics:12.0.1] AndroidManifest.xml:32:13-35
79            android:exported="false" >
79-->[com.google.android.gms:play-services-analytics:12.0.1] AndroidManifest.xml:33:13-37
80        </receiver>
81
82        <service
82-->[com.google.android.gms:play-services-analytics:12.0.1] AndroidManifest.xml:36:9-39:40
83            android:name="com.google.android.gms.analytics.AnalyticsService"
83-->[com.google.android.gms:play-services-analytics:12.0.1] AndroidManifest.xml:37:13-77
84            android:enabled="true"
84-->[com.google.android.gms:play-services-analytics:12.0.1] AndroidManifest.xml:38:13-35
85            android:exported="false" />
85-->[com.google.android.gms:play-services-analytics:12.0.1] AndroidManifest.xml:39:13-37
86        <service
86-->[com.google.android.gms:play-services-analytics:12.0.1] AndroidManifest.xml:40:9-44:72
87            android:name="com.google.android.gms.analytics.AnalyticsJobService"
87-->[com.google.android.gms:play-services-analytics:12.0.1] AndroidManifest.xml:41:13-80
88            android:enabled="true"
88-->[com.google.android.gms:play-services-analytics:12.0.1] AndroidManifest.xml:42:13-35
89            android:exported="false"
89-->[com.google.android.gms:play-services-analytics:12.0.1] AndroidManifest.xml:43:13-37
90            android:permission="android.permission.BIND_JOB_SERVICE" />
90-->[com.google.android.gms:play-services-analytics:12.0.1] AndroidManifest.xml:44:13-69
91
92        <activity
92-->[com.google.android.gms:play-services-appinvite:12.0.1] AndroidManifest.xml:25:9-34:20
93            android:name="com.google.android.gms.appinvite.PreviewActivity"
93-->[com.google.android.gms:play-services-appinvite:12.0.1] AndroidManifest.xml:26:13-76
94            android:exported="true"
94-->[com.google.android.gms:play-services-appinvite:12.0.1] AndroidManifest.xml:27:13-36
95            android:theme="@style/Theme.AppInvite.Preview" >
95-->[com.google.android.gms:play-services-appinvite:12.0.1] AndroidManifest.xml:28:13-59
96            <intent-filter>
96-->[com.google.android.gms:play-services-appinvite:12.0.1] AndroidManifest.xml:29:13-33:29
97                <action android:name="com.google.android.gms.appinvite.ACTION_PREVIEW" />
97-->[com.google.android.gms:play-services-appinvite:12.0.1] AndroidManifest.xml:30:17-90
97-->[com.google.android.gms:play-services-appinvite:12.0.1] AndroidManifest.xml:30:25-87
98
99                <category android:name="android.intent.category.DEFAULT" />
99-->[com.google.android.gms:play-services-appinvite:12.0.1] AndroidManifest.xml:32:17-76
99-->[com.google.android.gms:play-services-appinvite:12.0.1] AndroidManifest.xml:32:27-73
100            </intent-filter>
101        </activity>
102        <activity
102-->[com.google.android.gms:play-services-auth:12.0.1] AndroidManifest.xml:23:9-27:75
103            android:name="com.google.android.gms.auth.api.signin.internal.SignInHubActivity"
103-->[com.google.android.gms:play-services-auth:12.0.1] AndroidManifest.xml:24:13-93
104            android:excludeFromRecents="true"
104-->[com.google.android.gms:play-services-auth:12.0.1] AndroidManifest.xml:25:13-46
105            android:exported="false"
105-->[com.google.android.gms:play-services-auth:12.0.1] AndroidManifest.xml:26:13-37
106            android:theme="@android:style/Theme.Translucent.NoTitleBar" />
106-->[com.google.android.gms:play-services-auth:12.0.1] AndroidManifest.xml:27:13-72
107        <!--
108            Service handling Google Sign-In user revocation. For apps that do not integrate with
109            Google Sign-In, this service will never be started.
110        -->
111        <service
111-->[com.google.android.gms:play-services-auth:12.0.1] AndroidManifest.xml:33:9-36:110
112            android:name="com.google.android.gms.auth.api.signin.RevocationBoundService"
112-->[com.google.android.gms:play-services-auth:12.0.1] AndroidManifest.xml:34:13-89
113            android:exported="true"
113-->[com.google.android.gms:play-services-auth:12.0.1] AndroidManifest.xml:35:13-36
114            android:permission="com.google.android.gms.auth.api.signin.permission.REVOCATION_NOTIFICATION" />
114-->[com.google.android.gms:play-services-auth:12.0.1] AndroidManifest.xml:36:13-107
115
116        <activity
116-->[com.google.firebase:firebase-auth:12.0.1] AndroidManifest.xml:23:9-29:75
117            android:name="com.google.firebase.auth.internal.FederatedSignInActivity"
117-->[com.google.firebase:firebase-auth:12.0.1] AndroidManifest.xml:24:13-85
118            android:excludeFromRecents="true"
118-->[com.google.firebase:firebase-auth:12.0.1] AndroidManifest.xml:25:13-46
119            android:exported="true"
119-->[com.google.firebase:firebase-auth:12.0.1] AndroidManifest.xml:26:13-36
120            android:launchMode="singleInstance"
120-->[com.google.firebase:firebase-auth:12.0.1] AndroidManifest.xml:27:13-48
121            android:permission="com.google.firebase.auth.api.gms.permission.LAUNCH_FEDERATED_SIGN_IN"
121-->[com.google.firebase:firebase-auth:12.0.1] AndroidManifest.xml:28:13-102
122            android:theme="@android:style/Theme.Translucent.NoTitleBar" />
122-->[com.google.firebase:firebase-auth:12.0.1] AndroidManifest.xml:29:13-72
123        <activity
123-->[com.google.android.gms:play-services-base:12.0.1] AndroidManifest.xml:23:9-26:75
124            android:name="com.google.android.gms.common.api.GoogleApiActivity"
124-->[com.google.android.gms:play-services-base:12.0.1] AndroidManifest.xml:24:13-79
125            android:exported="false"
125-->[com.google.android.gms:play-services-base:12.0.1] AndroidManifest.xml:25:13-37
126            android:theme="@android:style/Theme.Translucent.NoTitleBar" />
126-->[com.google.android.gms:play-services-base:12.0.1] AndroidManifest.xml:26:13-72
127        <!--
128             FirebaseMessagingService performs security checks at runtime,
129             no need for explicit permissions despite exported="true"
130        -->
131        <service
131-->[com.google.firebase:firebase-messaging:12.0.1] AndroidManifest.xml:28:9-34:19
132            android:name="com.google.firebase.messaging.FirebaseMessagingService"
132-->[com.google.firebase:firebase-messaging:12.0.1] AndroidManifest.xml:29:13-82
133            android:exported="true" >
133-->[com.google.firebase:firebase-messaging:12.0.1] AndroidManifest.xml:30:13-36
134            <intent-filter android:priority="-500" >
134-->[com.google.firebase:firebase-messaging:12.0.1] AndroidManifest.xml:31:13-33:29
134-->[com.google.firebase:firebase-messaging:12.0.1] AndroidManifest.xml:31:28-51
135                <action android:name="com.google.firebase.MESSAGING_EVENT" />
135-->[com.google.firebase:firebase-messaging:12.0.1] AndroidManifest.xml:32:17-78
135-->[com.google.firebase:firebase-messaging:12.0.1] AndroidManifest.xml:32:25-75
136            </intent-filter>
137        </service>
138        <service
138-->[com.google.android.gms:play-services-tagmanager-api:12.0.1] AndroidManifest.xml:27:9-30:40
139            android:name="com.google.android.gms.tagmanager.TagManagerService"
139-->[com.google.android.gms:play-services-tagmanager-api:12.0.1] AndroidManifest.xml:28:13-79
140            android:enabled="true"
140-->[com.google.android.gms:play-services-tagmanager-api:12.0.1] AndroidManifest.xml:29:13-35
141            android:exported="false" />
141-->[com.google.android.gms:play-services-tagmanager-api:12.0.1] AndroidManifest.xml:30:13-37
142
143        <activity
143-->[com.google.android.gms:play-services-tagmanager-api:12.0.1] AndroidManifest.xml:32:9-44:20
144            android:name="com.google.android.gms.tagmanager.TagManagerPreviewActivity"
144-->[com.google.android.gms:play-services-tagmanager-api:12.0.1] AndroidManifest.xml:33:13-87
145            android:exported="true"
145-->[com.google.android.gms:play-services-tagmanager-api:12.0.1] AndroidManifest.xml:34:13-36
146            android:noHistory="true" > <!-- optional, removes the previewActivity from the activity stack. -->
146-->[com.google.android.gms:play-services-tagmanager-api:12.0.1] AndroidManifest.xml:35:13-37
147            <intent-filter>
147-->[com.google.android.gms:play-services-tagmanager-api:12.0.1] AndroidManifest.xml:36:13-43:29
148                <data android:scheme="tagmanager.c.com.parse.starter" />
148-->[com.google.android.gms:play-services-tagmanager-api:12.0.1] AndroidManifest.xml:37:17-72
148-->[com.google.android.gms:play-services-tagmanager-api:12.0.1] AndroidManifest.xml:37:23-69
149
150                <action android:name="android.intent.action.VIEW" />
150-->[com.google.android.gms:play-services-tagmanager-api:12.0.1] AndroidManifest.xml:39:17-69
150-->[com.google.android.gms:play-services-tagmanager-api:12.0.1] AndroidManifest.xml:39:25-66
151
152                <category android:name="android.intent.category.DEFAULT" />
152-->[com.google.android.gms:play-services-appinvite:12.0.1] AndroidManifest.xml:32:17-76
152-->[com.google.android.gms:play-services-appinvite:12.0.1] AndroidManifest.xml:32:27-73
153                <category android:name="android.intent.category.BROWSABLE" />
153-->[com.google.android.gms:play-services-tagmanager-api:12.0.1] AndroidManifest.xml:42:17-78
153-->[com.google.android.gms:play-services-tagmanager-api:12.0.1] AndroidManifest.xml:42:27-75
154            </intent-filter>
155        </activity>
156
157        <receiver
157-->[com.google.firebase:firebase-analytics:12.0.1] AndroidManifest.xml:28:9-32:20
158            android:name="com.google.android.gms.measurement.AppMeasurementReceiver"
158-->[com.google.firebase:firebase-analytics:12.0.1] AndroidManifest.xml:29:13-85
159            android:enabled="true"
159-->[com.google.firebase:firebase-analytics:12.0.1] AndroidManifest.xml:30:13-35
160            android:exported="false" >
160-->[com.google.firebase:firebase-analytics:12.0.1] AndroidManifest.xml:31:13-37
161        </receiver>
162        <receiver
162-->[com.google.firebase:firebase-analytics:12.0.1] AndroidManifest.xml:33:9-41:20
163            android:name="com.google.android.gms.measurement.AppMeasurementInstallReferrerReceiver"
163-->[com.google.firebase:firebase-analytics:12.0.1] AndroidManifest.xml:34:13-100
164            android:enabled="true"
164-->[com.google.firebase:firebase-analytics:12.0.1] AndroidManifest.xml:35:13-35
165            android:exported="true"
165-->[com.google.firebase:firebase-analytics:12.0.1] AndroidManifest.xml:36:13-36
166            android:permission="android.permission.INSTALL_PACKAGES" >
166-->[com.google.firebase:firebase-analytics:12.0.1] AndroidManifest.xml:37:13-69
167            <intent-filter>
167-->[com.google.firebase:firebase-analytics:12.0.1] AndroidManifest.xml:38:13-40:29
168                <action android:name="com.android.vending.INSTALL_REFERRER" />
168-->[com.google.firebase:firebase-analytics:12.0.1] AndroidManifest.xml:39:17-79
168-->[com.google.firebase:firebase-analytics:12.0.1] AndroidManifest.xml:39:25-76
169            </intent-filter>
170        </receiver>
171
172        <service
172-->[com.google.firebase:firebase-analytics:12.0.1] AndroidManifest.xml:43:9-46:40
173            android:name="com.google.android.gms.measurement.AppMeasurementService"
173-->[com.google.firebase:firebase-analytics:12.0.1] AndroidManifest.xml:44:13-84
174            android:enabled="true"
174-->[com.google.firebase:firebase-analytics:12.0.1] AndroidManifest.xml:45:13-35
175            android:exported="false" />
175-->[com.google.firebase:firebase-analytics:12.0.1] AndroidManifest.xml:46:13-37
176        <service
176-->[com.google.firebase:firebase-analytics:12.0.1] AndroidManifest.xml:47:9-51:72
177            android:name="com.google.android.gms.measurement.AppMeasurementJobService"
177-->[com.google.firebase:firebase-analytics:12.0.1] AndroidManifest.xml:48:13-87
178            android:enabled="true"
178-->[com.google.firebase:firebase-analytics:12.0.1] AndroidManifest.xml:49:13-35
179            android:exported="false"
179-->[com.google.firebase:firebase-analytics:12.0.1] AndroidManifest.xml:50:13-37
180            android:permission="android.permission.BIND_JOB_SERVICE" />
180-->[com.google.firebase:firebase-analytics:12.0.1] AndroidManifest.xml:51:13-69
181
182        <receiver
182-->[com.google.firebase:firebase-iid:12.0.1] AndroidManifest.xml:35:9-44:20
183            android:name="com.google.firebase.iid.FirebaseInstanceIdReceiver"
183-->[com.google.firebase:firebase-iid:12.0.1] AndroidManifest.xml:36:13-78
184            android:exported="true"
184-->[com.google.firebase:firebase-iid:12.0.1] AndroidManifest.xml:37:13-36
185            android:permission="com.google.android.c2dm.permission.SEND" >
185-->[com.google.firebase:firebase-iid:12.0.1] AndroidManifest.xml:38:13-73
186            <intent-filter>
186-->[com.google.firebase:firebase-iid:12.0.1] AndroidManifest.xml:39:13-43:29
187                <action android:name="com.google.android.c2dm.intent.RECEIVE" />
187-->[com.google.firebase:firebase-iid:12.0.1] AndroidManifest.xml:40:17-81
187-->[com.google.firebase:firebase-iid:12.0.1] AndroidManifest.xml:40:25-78
188
189                <category android:name="com.parse.starter" />
189-->[com.google.firebase:firebase-iid:12.0.1] AndroidManifest.xml:42:17-61
189-->[com.google.firebase:firebase-iid:12.0.1] AndroidManifest.xml:42:27-58
190            </intent-filter>
191        </receiver>
192        <!--
193             FirebaseInstanceIdService performs security checks at runtime,
194             no need for explicit permissions despite exported="true"
195        -->
196        <service
196-->[com.google.firebase:firebase-iid:12.0.1] AndroidManifest.xml:50:9-56:19
197            android:name="com.google.firebase.iid.FirebaseInstanceIdService"
197-->[com.google.firebase:firebase-iid:12.0.1] AndroidManifest.xml:51:13-77
198            android:exported="true" >
198-->[com.google.firebase:firebase-iid:12.0.1] AndroidManifest.xml:52:13-36
199            <intent-filter android:priority="-500" >
199-->[com.google.firebase:firebase-iid:12.0.1] AndroidManifest.xml:53:13-55:29
199-->[com.google.firebase:firebase-iid:12.0.1] AndroidManifest.xml:53:28-51
200                <action android:name="com.google.firebase.INSTANCE_ID_EVENT" />
200-->[com.google.firebase:firebase-iid:12.0.1] AndroidManifest.xml:54:17-80
200-->[com.google.firebase:firebase-iid:12.0.1] AndroidManifest.xml:54:25-77
201            </intent-filter>
202        </service>
203
204        <provider
204-->[com.google.firebase:firebase-common:12.0.1] AndroidManifest.xml:8:9-12:39
205            android:name="com.google.firebase.provider.FirebaseInitProvider"
205-->[com.google.firebase:firebase-common:12.0.1] AndroidManifest.xml:9:13-77
206            android:authorities="com.parse.starter.firebaseinitprovider"
206-->[com.google.firebase:firebase-common:12.0.1] AndroidManifest.xml:10:13-72
207            android:exported="false"
207-->[com.google.firebase:firebase-common:12.0.1] AndroidManifest.xml:11:13-37
208            android:initOrder="100" />
208-->[com.google.firebase:firebase-common:12.0.1] AndroidManifest.xml:12:13-36
209
210        <meta-data
210-->[com.google.android.gms:play-services-basement:12.0.1] AndroidManifest.xml:23:9-25:69
211            android:name="com.google.android.gms.version"
211-->[com.google.android.gms:play-services-basement:12.0.1] AndroidManifest.xml:24:13-58
212            android:value="@integer/google_play_services_version" />
212-->[com.google.android.gms:play-services-basement:12.0.1] AndroidManifest.xml:25:13-66
213    </application>
214
215</manifest>